c:\users\ouzan\documents\vısual studıo 2013\projects\segtrans\buıld\segtrans.dır\release\segtrans.obj
c:\users\ouzan\documents\vısual studıo 2013\projects\segtrans\buıld\segtrans.dır\release\vector.obj
c:\users\ouzan\documents\vısual studıo 2013\projects\segtrans\buıld\segtrans.dır\release\mesh.obj
c:\users\ouzan\documents\vısual studıo 2013\projects\segtrans\buıld\segtrans.dır\release\kdtree.obj
c:\users\ouzan\documents\vısual studıo 2013\projects\segtrans\buıld\segtrans.dır\release\ıcp.obj
c:\users\ouzan\documents\vısual studıo 2013\projects\segtrans\buıld\cmakefıles\generate.stamp
c:\users\ouzan\documents\vısual studıo 2013\projects\segtrans\buıld\release\segtrans.exe
c:\users\ouzan\documents\vısual studıo 2013\projects\segtrans\buıld\segtrans.dır\release\segtrans.res
c:\users\ouzan\documents\visual studio 2013\projects\segtrans\build\segtrans.dir\release\ıcp.obj
c:\users\ouzan\documents\visual studio 2013\projects\segtrans\build\segtrans.dir\release\kdtree.obj
c:\users\ouzan\documents\visual studio 2013\projects\segtrans\build\segtrans.dir\release\mesh.obj
c:\users\ouzan\documents\visual studio 2013\projects\segtrans\build\segtrans.dir\release\segtrans.obj
c:\users\ouzan\documents\visual studio 2013\projects\segtrans\build\segtrans.dir\release\vector.obj
c:\users\ouzan\documents\visual studio 2013\projects\segtrans\build\segtrans.dir\release\segtrans.res
c:\users\ouzan\documents\visual studio 2013\projects\segtrans\build\release\segtrans.exe
c:\users\ouzan\documents\visual studio 2013\projects\segtrans\build\segtrans.dir\release\segtrans.tlog\cl.command.1.tlog
c:\users\ouzan\documents\visual studio 2013\projects\segtrans\build\segtrans.dir\release\segtrans.tlog\cl.read.1.tlog
c:\users\ouzan\documents\visual studio 2013\projects\segtrans\build\segtrans.dir\release\segtrans.tlog\cl.write.1.tlog
c:\users\ouzan\documents\visual studio 2013\projects\segtrans\build\segtrans.dir\release\segtrans.tlog\custombuild.command.1.tlog
c:\users\ouzan\documents\visual studio 2013\projects\segtrans\build\segtrans.dir\release\segtrans.tlog\custombuild.read.1.tlog
c:\users\ouzan\documents\visual studio 2013\projects\segtrans\build\segtrans.dir\release\segtrans.tlog\custombuild.write.1.tlog
c:\users\ouzan\documents\visual studio 2013\projects\segtrans\build\segtrans.dir\release\segtrans.tlog\link.command.1.tlog
c:\users\ouzan\documents\visual studio 2013\projects\segtrans\build\segtrans.dir\release\segtrans.tlog\link.read.1.tlog
c:\users\ouzan\documents\visual studio 2013\projects\segtrans\build\segtrans.dir\release\segtrans.tlog\link.write.1.tlog
c:\users\ouzan\documents\visual studio 2013\projects\segtrans\build\segtrans.dir\release\segtrans.tlog\rc.command.1.tlog
c:\users\ouzan\documents\visual studio 2013\projects\segtrans\build\segtrans.dir\release\segtrans.tlog\rc.read.1.tlog
c:\users\ouzan\documents\visual studio 2013\projects\segtrans\build\segtrans.dir\release\segtrans.tlog\rc.write.1.tlog
